2013/04/03 13:41:20 [trace] [app.biotracking.sampleForm] stdClass Object
(
    [patient] => stdClass Object
        (
            [PATIENT_ID] => 250518
            [SCREENING_NUMBER] => 2089220006
            [BIRTHDATE] => 27-03-2013
            [ddmmmyyyy] => 27/Mar/2013
        )

    [visit] => stdClass Object
        (
            [VISIT_ID] => 442
            [VISIT_NAME] => SCREENING
            [VISIT_INTERVAL] => 0
        )

    [sampleType] => stdClass Object
        (
            [MATERIAL_TYPE] => 54
            [DESCRIPTION] => TISSUE
        )

    [SAMPLE_NUMBER] => 101
    [conditioning] => stdClass Object
        (
            [CONDITIONING] => PARAFFIN EMBEDDED
        )

    [laterality] => stdClass Object
        (
            [LATERALITY] => RIGHT
        )

    [LOCAL_ID] => test selenium local id
    [fixative] => stdClass Object
        (
            [FIXATIVES] => FORMALIN
        )

    [COMMENT] => no comment
    [address] => stdClass Object
        (
            [COUNTRY_ID] => 21
            [COUNTRY] => BELGIUM
            [ADDRESS_STREET] => bordet 1234
            [ADDRESS_CITY] => brussels
            [ADDRESS_POSTCODE] => 1000
        )

    [collection_date] => stdClass Object
        (
            [COLLECTION_DATE] => 30/Apr/2013
        )

    [USER_ID] => 56
    [STUDY_ID] => 12
    [studyName] => aphinity
)

in /home/bluenight/www/breast_reborn/protected/modules/biotracking/controllers/SampleFormController.php (47)
in /home/bluenight/www/breast_reborn/index.php (15)
2013/04/03 13:41:20 [error] [app.biotracking.biosample] Property "MaterialNotes.DATE_CREATED" is not defined.
in /home/bluenight/www/breast_reborn/protected/modules/biotracking/controllers/SampleFormController.php (55)
in /home/bluenight/www/breast_reborn/index.php (15)
2013/04/03 13:41:20 [trace] [app.biotracking.biosample] Property "MaterialNotes.DATE_CREATED" is not defined.
in /home/bluenight/www/breast_reborn/protected/modules/biotracking/controllers/SampleFormController.php (56)
in /home/bluenight/www/breast_reborn/index.php (15)
2013/04/03 13:42:09 [trace] [app.biotracking.sampleForm] stdClass Object
(
    [patient] => stdClass Object
        (
            [PATIENT_ID] => 250518
            [SCREENING_NUMBER] => 2089220006
            [BIRTHDATE] => 27-03-2013
            [ddmmmyyyy] => 27/Mar/2013
        )

    [visit] => stdClass Object
        (
            [VISIT_ID] => 442
            [VISIT_NAME] => SCREENING
            [VISIT_INTERVAL] => 0
        )

    [sampleType] => stdClass Object
        (
            [MATERIAL_TYPE] => 54
            [DESCRIPTION] => TISSUE
        )

    [SAMPLE_NUMBER] => 101
    [conditioning] => stdClass Object
        (
            [CONDITIONING] => PARAFFIN EMBEDDED
        )

    [laterality] => stdClass Object
        (
            [LATERALITY] => RIGHT
        )

    [LOCAL_ID] => test selenium local id
    [fixative] => stdClass Object
        (
            [FIXATIVES] => FORMALIN
        )

    [COMMENT] => no comment
    [address] => stdClass Object
        (
            [COUNTRY_ID] => 21
            [COUNTRY] => BELGIUM
            [ADDRESS_STREET] => bordet 1234
            [ADDRESS_CITY] => brussels
            [ADDRESS_POSTCODE] => 1000
        )

    [collection_date] => stdClass Object
        (
            [COLLECTION_DATE] => 30/Apr/2013
        )

    [USER_ID] => 56
    [STUDY_ID] => 12
    [studyName] => aphinity
)


